Start testing: Dec 14 09:07 UTC
----------------------------------------------------------
1/1 Testing: triangle_test
1/1 Test: triangle_test
Command: "/home/runner/work/Lab_6_PO/Lab_6_PO/build/triangle_test"
Directory: /home/runner/work/Lab_6_PO/Lab_6_PO/build
"triangle_test" start time: Dec 14 09:07 UTC
Output:
----------------------------------------------------------
[==========] Running 2 tests from 2 test suites.
[----------] Global test environment set-up.
[----------] 1 test from AreaTest
[ RUN      ] AreaTest.RandomData
[       OK ] AreaTest.RandomData (0 ms)
[----------] 1 test from AreaTest (0 ms total)

[----------] 1 test from PerimeterTest
[ RUN      ] PerimeterTest.RandomData
[       OK ] PerimeterTest.RandomData (0 ms)
[----------] 1 test from PerimeterTest (0 ms total)

[----------] Global test environment tear-down
[==========] 2 tests from 2 test suites ran. (0 ms total)
[  PASSED  ] 2 tests.
<end of output>
Test time =   0.00 sec
----------------------------------------------------------
Test Passed.
"triangle_test" end time: Dec 14 09:07 UTC
"triangle_test" time elapsed: 00:00:00
----------------------------------------------------------

End testing: Dec 14 09:07 UTC
